Generated at 2018-10-05 13:43:33 +0000
Mixlib::ShellOut::ShellCommandFailed: yum_package[mon_agent] (@recipe_files::/home/user/chef-repo/cookbooks/monitoring/recipes/default.rb line 6) had an error: Mixlib::ShellOut::ShellCommandFailed: Expected process to exit with [0], but received '1'
---- Begin output of ["yum", "-y", "install", "nagios-0:4.3.4-5.el7.x86_64"] ----
STDOUT: Loaded plugins: fastestmirror
STDERR: You need to be root to perform this command.
---- End output of ["yum", "-y", "install", "nagios-0:4.3.4-5.el7.x86_64"] ----
Ran ["yum", "-y", "install", "nagios-0:4.3.4-5.el7.x86_64"] returned 1
/opt/chefdk/embedded/lib/ruby/gems/2.5.0/gems/mixlib-shellout-2.3.2/lib/mixlib/shellout.rb:293:in `invalid!'
/opt/chefdk/embedded/lib/ruby/gems/2.5.0/gems/mixlib-shellout-2.3.2/lib/mixlib/shellout.rb:280:in `error!'
/opt/chefdk/embedded/lib/ruby/gems/2.5.0/gems/chef-14.2.0/lib/chef/mixin/shell_out.rb:124:in `shell_out!'
/opt/chefdk/embedded/lib/ruby/gems/2.5.0/gems/chef-14.2.0/lib/chef/mixin/shell_out.rb:76:in `shell_out_compact!'
/opt/chefdk/embedded/lib/ruby/gems/2.5.0/gems/chef-14.2.0/lib/chef/mixin/shell_out.rb:95:in `shell_out_compact_timeout!'
/opt/chefdk/embedded/lib/ruby/gems/2.5.0/gems/chef-14.2.0/lib/chef/provider/package/yum.rb:263:in `yum'
/opt/chefdk/embedded/lib/ruby/gems/2.5.0/gems/chef-14.2.0/lib/chef/provider/package/yum.rb:123:in `install_package'
/opt/chefdk/embedded/lib/ruby/gems/2.5.0/gems/chef-14.2.0/lib/chef/provider/package.rb:102:in `block (3 levels) in <class:Package>'
/opt/chefdk/embedded/lib/ruby/gems/2.5.0/gems/chef-14.2.0/lib/chef/provider/package.rb:269:in `multipackage_api_adapter'
/opt/chefdk/embedded/lib/ruby/gems/2.5.0/gems/chef-14.2.0/lib/chef/provider/package.rb:101:in `block (2 levels) in <class:Package>'
/opt/chefdk/embedded/lib/ruby/gems/2.5.0/gems/chef-14.2.0/lib/chef/mixin/why_run.rb:51:in `add_action'
/opt/chefdk/embedded/lib/ruby/gems/2.5.0/gems/chef-14.2.0/lib/chef/provider.rb:227:in `converge_by'
/opt/chefdk/embedded/lib/ruby/gems/2.5.0/gems/chef-14.2.0/lib/chef/provider/package.rb:100:in `block in <class:Package>'
(eval):2:in `block in action_install'
/opt/chefdk/embedded/lib/ruby/gems/2.5.0/gems/chef-14.2.0/lib/chef/provider.rb:236:in `instance_eval'
/opt/chefdk/embedded/lib/ruby/gems/2.5.0/gems/chef-14.2.0/lib/chef/provider.rb:236:in `compile_and_converge_action'
(eval):2:in `action_install'
/opt/chefdk/embedded/lib/ruby/gems/2.5.0/gems/chef-14.2.0/lib/chef/provider.rb:182:in `run_action'
/opt/chefdk/embedded/lib/ruby/gems/2.5.0/gems/chef-14.2.0/lib/chef/resource.rb:577:in `run_action'
/opt/chefdk/embedded/lib/ruby/gems/2.5.0/gems/chef-14.2.0/lib/chef/runner.rb:70:in `run_action'
/opt/chefdk/embedded/lib/ruby/gems/2.5.0/gems/chef-14.2.0/lib/chef/runner.rb:98:in `block (2 levels) in converge'
/opt/chefdk/embedded/lib/ruby/gems/2.5.0/gems/chef-14.2.0/lib/chef/runner.rb:98:in `each'
/opt/chefdk/embedded/lib/ruby/gems/2.5.0/gems/chef-14.2.0/lib/chef/runner.rb:98:in `block in converge'
/opt/chefdk/embedded/lib/ruby/gems/2.5.0/gems/chef-14.2.0/lib/chef/resource_collection/resource_list.rb:94:in `block in execute_each_resource'
/opt/chefdk/embedded/lib/ruby/gems/2.5.0/gems/chef-14.2.0/lib/chef/resource_collection/stepable_iterator.rb:114:in `call_iterator_block'
/opt/chefdk/embedded/lib/ruby/gems/2.5.0/gems/chef-14.2.0/lib/chef/resource_collection/stepable_iterator.rb:85:in `step'
/opt/chefdk/embedded/lib/ruby/gems/2.5.0/gems/chef-14.2.0/lib/chef/resource_collection/stepable_iterator.rb:103:in `iterate'
/opt/chefdk/embedded/lib/ruby/gems/2.5.0/gems/chef-14.2.0/lib/chef/resource_collection/stepable_iterator.rb:55:in `each_with_index'
/opt/chefdk/embedded/lib/ruby/gems/2.5.0/gems/chef-14.2.0/lib/chef/resource_collection/resource_list.rb:92:in `execute_each_resource'
/opt/chefdk/embedded/lib/ruby/gems/2.5.0/gems/chef-14.2.0/lib/chef/runner.rb:97:in `converge'
/opt/chefdk/embedded/lib/ruby/gems/2.5.0/gems/chef-14.2.0/lib/chef/client.rb:717:in `block in converge'
/opt/chefdk/embedded/lib/ruby/gems/2.5.0/gems/chef-14.2.0/lib/chef/client.rb:712:in `catch'
/opt/chefdk/embedded/lib/ruby/gems/2.5.0/gems/chef-14.2.0/lib/chef/client.rb:712:in `converge'
/opt/chefdk/embedded/lib/ruby/gems/2.5.0/gems/chef-14.2.0/lib/chef/client.rb:751:in `converge_and_save'
/opt/chefdk/embedded/lib/ruby/gems/2.5.0/gems/chef-14.2.0/lib/chef/client.rb:283:in `run'
/opt/chefdk/embedded/lib/ruby/gems/2.5.0/gems/chef-14.2.0/lib/chef/application.rb:303:in `run_with_graceful_exit_option'
/opt/chefdk/embedded/lib/ruby/gems/2.5.0/gems/chef-14.2.0/lib/chef/application.rb:279:in `block in run_chef_client'
/opt/chefdk/embedded/lib/ruby/gems/2.5.0/gems/chef-14.2.0/lib/chef/local_mode.rb:44:in `with_server_connectivity'
/opt/chefdk/embedded/lib/ruby/gems/2.5.0/gems/chef-14.2.0/lib/chef/application.rb:261:in `run_chef_client'
/opt/chefdk/embedded/lib/ruby/gems/2.5.0/gems/chef-14.2.0/lib/chef/application/client.rb:441:in `run_application'
/opt/chefdk/embedded/lib/ruby/gems/2.5.0/gems/chef-14.2.0/lib/chef/application.rb:66:in `run'
/opt/chefdk/embedded/lib/ruby/gems/2.5.0/gems/chef-14.2.0/bin/chef-client:26:in `<top (required)>'
/usr/bin/chef-client:272:in `load'
/usr/bin/chef-client:272:in `<main>'

>>>> Caused by Mixlib::ShellOut::ShellCommandFailed: Expected process to exit with [0], but received '1'
---- Begin output of ["yum", "-y", "install", "nagios-0:4.3.4-5.el7.x86_64"] ----
STDOUT: Loaded plugins: fastestmirror
STDERR: You need to be root to perform this command.
---- End output of ["yum", "-y", "install", "nagios-0:4.3.4-5.el7.x86_64"] ----
Ran ["yum", "-y", "install", "nagios-0:4.3.4-5.el7.x86_64"] returned 1
/opt/chefdk/embedded/lib/ruby/gems/2.5.0/gems/mixlib-shellout-2.3.2/lib/mixlib/shellout.rb:293:in `invalid!'
/opt/chefdk/embedded/lib/ruby/gems/2.5.0/gems/mixlib-shellout-2.3.2/lib/mixlib/shellout.rb:280:in `error!'
/opt/chefdk/embedded/lib/ruby/gems/2.5.0/gems/chef-14.2.0/lib/chef/mixin/shell_out.rb:124:in `shell_out!'
/opt/chefdk/embedded/lib/ruby/gems/2.5.0/gems/chef-14.2.0/lib/chef/mixin/shell_out.rb:76:in `shell_out_compact!'
/opt/chefdk/embedded/lib/ruby/gems/2.5.0/gems/chef-14.2.0/lib/chef/mixin/shell_out.rb:95:in `shell_out_compact_timeout!'
/opt/chefdk/embedded/lib/ruby/gems/2.5.0/gems/chef-14.2.0/lib/chef/provider/package/yum.rb:263:in `yum'
/opt/chefdk/embedded/lib/ruby/gems/2.5.0/gems/chef-14.2.0/lib/chef/provider/package/yum.rb:123:in `install_package'
/opt/chefdk/embedded/lib/ruby/gems/2.5.0/gems/chef-14.2.0/lib/chef/provider/package.rb:102:in `block (3 levels) in <class:Package>'
/opt/chefdk/embedded/lib/ruby/gems/2.5.0/gems/chef-14.2.0/lib/chef/provider/package.rb:269:in `multipackage_api_adapter'
/opt/chefdk/embedded/lib/ruby/gems/2.5.0/gems/chef-14.2.0/lib/chef/provider/package.rb:101:in `block (2 levels) in <class:Package>'
/opt/chefdk/embedded/lib/ruby/gems/2.5.0/gems/chef-14.2.0/lib/chef/mixin/why_run.rb:51:in `add_action'
/opt/chefdk/embedded/lib/ruby/gems/2.5.0/gems/chef-14.2.0/lib/chef/provider.rb:227:in `converge_by'
/opt/chefdk/embedded/lib/ruby/gems/2.5.0/gems/chef-14.2.0/lib/chef/provider/package.rb:100:in `block in <class:Package>'
(eval):2:in `block in action_install'
/opt/chefdk/embedded/lib/ruby/gems/2.5.0/gems/chef-14.2.0/lib/chef/provider.rb:236:in `instance_eval'
/opt/chefdk/embedded/lib/ruby/gems/2.5.0/gems/chef-14.2.0/lib/chef/provider.rb:236:in `compile_and_converge_action'
(eval):2:in `action_install'
/opt/chefdk/embedded/lib/ruby/gems/2.5.0/gems/chef-14.2.0/lib/chef/provider.rb:182:in `run_action'
/opt/chefdk/embedded/lib/ruby/gems/2.5.0/gems/chef-14.2.0/lib/chef/resource.rb:577:in `run_action'
/opt/chefdk/embedded/lib/ruby/gems/2.5.0/gems/chef-14.2.0/lib/chef/runner.rb:70:in `run_action'
/opt/chefdk/embedded/lib/ruby/gems/2.5.0/gems/chef-14.2.0/lib/chef/runner.rb:98:in `block (2 levels) in converge'
/opt/chefdk/embedded/lib/ruby/gems/2.5.0/gems/chef-14.2.0/lib/chef/runner.rb:98:in `each'
/opt/chefdk/embedded/lib/ruby/gems/2.5.0/gems/chef-14.2.0/lib/chef/runner.rb:98:in `block in converge'
/opt/chefdk/embedded/lib/ruby/gems/2.5.0/gems/chef-14.2.0/lib/chef/resource_collection/resource_list.rb:94:in `block in execute_each_resource'
/opt/chefdk/embedded/lib/ruby/gems/2.5.0/gems/chef-14.2.0/lib/chef/resource_collection/stepable_iterator.rb:114:in `call_iterator_block'
/opt/chefdk/embedded/lib/ruby/gems/2.5.0/gems/chef-14.2.0/lib/chef/resource_collection/stepable_iterator.rb:85:in `step'
/opt/chefdk/embedded/lib/ruby/gems/2.5.0/gems/chef-14.2.0/lib/chef/resource_collection/stepable_iterator.rb:103:in `iterate'
/opt/chefdk/embedded/lib/ruby/gems/2.5.0/gems/chef-14.2.0/lib/chef/resource_collection/stepable_iterator.rb:55:in `each_with_index'
/opt/chefdk/embedded/lib/ruby/gems/2.5.0/gems/chef-14.2.0/lib/chef/resource_collection/resource_list.rb:92:in `execute_each_resource'
/opt/chefdk/embedded/lib/ruby/gems/2.5.0/gems/chef-14.2.0/lib/chef/runner.rb:97:in `converge'
/opt/chefdk/embedded/lib/ruby/gems/2.5.0/gems/chef-14.2.0/lib/chef/client.rb:717:in `block in converge'
/opt/chefdk/embedded/lib/ruby/gems/2.5.0/gems/chef-14.2.0/lib/chef/client.rb:712:in `catch'
/opt/chefdk/embedded/lib/ruby/gems/2.5.0/gems/chef-14.2.0/lib/chef/client.rb:712:in `converge'
/opt/chefdk/embedded/lib/ruby/gems/2.5.0/gems/chef-14.2.0/lib/chef/client.rb:751:in `converge_and_save'
/opt/chefdk/embedded/lib/ruby/gems/2.5.0/gems/chef-14.2.0/lib/chef/client.rb:283:in `run'
/opt/chefdk/embedded/lib/ruby/gems/2.5.0/gems/chef-14.2.0/lib/chef/application.rb:303:in `run_with_graceful_exit_option'
/opt/chefdk/embedded/lib/ruby/gems/2.5.0/gems/chef-14.2.0/lib/chef/application.rb:279:in `block in run_chef_client'
/opt/chefdk/embedded/lib/ruby/gems/2.5.0/gems/chef-14.2.0/lib/chef/local_mode.rb:44:in `with_server_connectivity'
/opt/chefdk/embedded/lib/ruby/gems/2.5.0/gems/chef-14.2.0/lib/chef/application.rb:261:in `run_chef_client'
/opt/chefdk/embedded/lib/ruby/gems/2.5.0/gems/chef-14.2.0/lib/chef/application/client.rb:441:in `run_application'
/opt/chefdk/embedded/lib/ruby/gems/2.5.0/gems/chef-14.2.0/lib/chef/application.rb:66:in `run'
/opt/chefdk/embedded/lib/ruby/gems/2.5.0/gems/chef-14.2.0/bin/chef-client:26:in `<top (required)>'
/usr/bin/chef-client:272:in `load'
/usr/bin/chef-client:272:in `<main>'